🧬 基因组组装流程启动（EToKi - 批量处理）
==============================================
📁 输入目录: /data_raid/7_luolintao/1_Baoman/2-Sequence/FASTQ/
📁 输出目录: /data_raid/7_luolintao/1_Baoman/1-Assemble/
⚙️  并行任务数: 5

=== 扫描输入文件 ===
📊 找到 18 个 fastq.gz 文件
⏭️  跳过 ERR1946991_2 (已作为 ERR1946991 的配对文件处理)
⏭️  跳过 ERR1946999_2 (已作为 ERR1946999 的配对文件处理)
⏭️  跳过 ERR1947019_2 (已作为 ERR1947019 的配对文件处理)
⏭️  跳过 ERR1947032_2 (已作为 ERR1947032 的配对文件处理)
⏭️  跳过 ERR1947041_2 (已作为 ERR1947041 的配对文件处理)
⏭️  跳过 ERR2455382_2 (已作为 ERR2455382 的配对文件处理)
⏭️  跳过 ERR2455396_2 (已作为 ERR2455396 的配对文件处理)
⏭️  跳过 ERR2455414_2 (已作为 ERR2455414 的配对文件处理)
⏭️  跳过 ERR2455427_2 (已作为 ERR2455427 的配对文件处理)
📋 待处理的文件数量: 9
   - ERR1946991_1.fastq.gz
   - ERR1946999_1.fastq.gz
   - ERR1947019_1.fastq.gz
   - ERR1947032_1.fastq.gz
   - ERR1947041_1.fastq.gz
   - ERR2455382_1.fastq.gz
   - ERR2455396_1.fastq.gz
   - ERR2455414_1.fastq.gz
   - ERR2455427_1.fastq.gz

=== 开始并行处理 (并行度: 5) ===
